<?xml version="1.0" encoding="UTF-8"?>
<!-- Generated by org.testng.reporters.JUnitXMLReporter -->
<testsuite ignored="0" hostname="LAPTOP-0HHCJ26C" failures="1" tests="2" name="Test" time="26.283" errors="0" timestamp="2022-12-15T19:14:41 IST">
  <testcase classname="TestCases.LoginTestCase" name="Method1" time="0.594">
    <failure type="java.lang.AssertionError" message="The following asserts failed:
	expected [Please check your username password. If you still can&amp;apos;t log in, contact your Salesforce administrator.] but found [Please check your username and password. If you still can&amp;apos;t log in, contact your Salesforce administrator.]">
      <![CDATA[java.lang.AssertionError: The following asserts failed:
expected [Please check your username password. If you still can't log in, contact your Salesforce administrator.] but found [Please check your username and password. If you still can't log in, contact your Salesforce administrator.]
at Resources.CommonMethods.AssertionMethod(CommonMethods.java:30)
at TestCases.LoginTestCase.Method1(LoginTestCase.java:26)
at java.base/java.util.ArrayList.forEach(ArrayList.java:1511)
... Removed 29 stack frames]]>
    </failure>
  </testcase> <!-- Method1 -->
  <testcase classname="TestCases.SignUpTestCase" name="verifysignup" time="16.322"/>
</testsuite> <!-- Test -->
